Species_name	Phase	Surf_cov	O	H	C	PT	N
PCOH	Gas	0	1	8	7	0	0
MCHOH	Gas	0	1	14	7	0	0
MCH	Gas	0	0	14	7	0	0
TOL	Gas	0	0	8	7	0	0
MCHO	Gas	0	1	12	7	0	0
H2	Gas	0	0	2	0	0	0
H2O	Gas	0	1	2	0	0	0
N2	Gas	0	0	0	0	0	2
H234PCO	Gas	0	1	10	7	0	0
H236PCO	Gas	0	1	10	7	0	0
H2PCO	Gas	0	1	8	7	0	0
H4PCO	Gas	0	1	8	7	0	0
H1234PCOH	Gas	0	1	12	7	0	0
H1236PCOH	Gas	0	1	12	7	0	0
H1256PCOH	Gas	0	1	12	7	0	0
H12PCOH	Gas	0	1	10	7	0	0
H1456PCOH	Gas	0	1	12	7	0	0
H14PCOH	Gas	0	1	10	7	0	0
H16PCOH	Gas	0	1	10	7	0	0
H2345PCOH	Gas	0	1	12	7	0	0
H23PCOH	Gas	0	1	10	7	0	0
H25PCOH	Gas	0	1	10	7	0	0
H3456PCOH	Gas	0	1	12	7	0	0
H34PCOH	Gas	0	1	10	7	0	0
H36PCOH	Gas	0	1	10	7	0	0
H45PCOH	Gas	0	1	10	7	0	0
H56PCOH	Gas	0	1	10	7	0	0
H1234TOL	Gas	0	0	12	7	0	0
H1236TOL	Gas	0	0	12	7	0	0
H12TOL	Gas	0	0	10	7	0	0
H14TOL	Gas	0	0	10	7	0	0
H2345TOL	Gas	0	0	12	7	0	0
H23TOL	Gas	0	0	10	7	0	0
H25TOL	Gas	0	0	10	7	0	0
H34TOL	Gas	0	0	10	7	0	0
PCO(S)	Surface	1.43759E-06	1	7	7	0	0
H2PCO(S)	Surface	3.18164E-10	1	8	7	0	0
H3PCO(S)	Surface	2.0275E-07	1	8	7	0	0
H4PCO(S)	Surface	3.74882E-09	1	8	7	0	0
H23PCO(S)	Surface	1.10098E-10	1	9	7	0	0
H24PCO(S)	Surface	5.65539E-09	1	9	7	0	0
H25PCO(S)	Surface	1.01111E-08	1	9	7	0	0
H26PCO(S)	Surface	2.46948E-12	1	9	7	0	0
H34PCO(S)	Surface	0.001017997	1	9	7	0	0
H35PCO(S)	Surface	0.050824489	1	9	7	0	0
H234PCO(S)	Surface	0.00031198	1	10	7	0	0
H235PCO(S)	Surface	4.88886E-06	1	10	7	0	0
H236PCO(S)	Surface	2.7311E-05	1	10	7	0	0
H245PCO(S)	Surface	4.14709E-05	1	10	7	0	0
H246PCO(S)	Surface	1.64625E-06	1	10	7	0	0
H345PCO(S)	Surface	0.00097596	1	10	7	0	0
H2345PCO(S)	Surface	3.32832E-06	1	11	7	0	0
H2346PCO(S)	Surface	2.60468E-07	1	11	7	0	0
H2356PCO(S)	Surface	6.48217E-06	1	11	7	0	0
MCHO(S)	Surface	1.17481E-06	1	12	7	0	0
PCOH(S)	Surface	2.22683E-06	1	8	7	0	0
H1PCOH(S)	Surface	1.43731E-08	1	9	7	0	0
H2PCOH(S)	Surface	2.47015E-08	1	9	7	0	0
H3PCOH(S)	Surface	3.79837E-07	1	9	7	0	0
H4PCOH(S)	Surface	7.24858E-09	1	9	7	0	0
H5PCOH(S)	Surface	1.14835E-08	1	9	7	0	0
H6PCOH(S)	Surface	1.14966E-07	1	9	7	0	0
H12PCOH(S)	Surface	3.79197E-09	1	10	7	0	0
H13PCOH(S)	Surface	2.94398E-08	1	10	7	0	0
H14PCOH(S)	Surface	2.96244E-12	1	10	7	0	0
H15PCOH(S)	Surface	8.95833E-08	1	10	7	0	0
H16PCOH(S)	Surface	7.80014E-09	1	10	7	0	0
H23PCOH(S)	Surface	6.88599E-10	1	10	7	0	0
H24PCOH(S)	Surface	9.42989E-08	1	10	7	0	0
H25PCOH(S)	Surface	5.55355E-10	1	10	7	0	0
H26PCOH(S)	Surface	9.3927E-08	1	10	7	0	0
H34PCOH(S)	Surface	6.38571E-08	1	10	7	0	0
H35PCOH(S)	Surface	7.3217E-07	1	10	7	0	0
H36PCOH(S)	Surface	1.23686E-08	1	10	7	0	0
H45PCOH(S)	Surface	2.00018E-08	1	10	7	0	0
H46PCOH(S)	Surface	4.22099E-09	1	10	7	0	0
H56PCOH(S)	Surface	1.62517E-07	1	10	7	0	0
H123PCOH(S)	Surface	6.8874E-05	1	11	7	0	0
H124PCOH(S)	Surface	0.000333879	1	11	7	0	0
H125PCOH(S)	Surface	0.015756835	1	11	7	0	0
H126PCOH(S)	Surface	0.01788149	1	11	7	0	0
H134PCOH(S)	Surface	0.003963022	1	11	7	0	0
H135PCOH(S)	Surface	0.026844027	1	11	7	0	0
H136PCOH(S)	Surface	0.000645624	1	11	7	0	0
H145PCOH(S)	Surface	0.001416081	1	11	7	0	0
H146PCOH(S)	Surface	8.04454E-05	1	11	7	0	0
H156PCOH(S)	Surface	0.00046008	1	11	7	0	0
H234PCOH(S)	Surface	3.47144E-05	1	11	7	0	0
H235PCOH(S)	Surface	0.000299872	1	11	7	0	0
H236PCOH(S)	Surface	0.000205833	1	11	7	0	0
H245PCOH(S)	Surface	0.00028981	1	11	7	0	0
H246PCOH(S)	Surface	0.000743238	1	11	7	0	0
H256PCOH(S)	Surface	0.004878772	1	11	7	0	0
H345PCOH(S)	Surface	0.00402346	1	11	7	0	0
H346PCOH(S)	Surface	0.000135048	1	11	7	0	0
H356PCOH(S)	Surface	0.005263015	1	11	7	0	0
H456PCOH(S)	Surface	0.0007198	1	11	7	0	0
H1234PCOH(S)	Surface	1.39298E-07	1	12	7	0	0
H1235PCOH(S)	Surface	3.35247E-06	1	12	7	0	0
H1236PCOH(S)	Surface	2.96448E-05	1	12	7	0	0
H1245PCOH(S)	Surface	1.16159E-05	1	12	7	0	0
H1246PCOH(S)	Surface	6.82867E-06	1	12	7	0	0
H1256PCOH(S)	Surface	3.43223E-06	1	12	7	0	0
H1345PCOH(S)	Surface	5.70207E-05	1	12	7	0	0
H1346PCOH(S)	Surface	0.000735283	1	12	7	0	0
H1356PCOH(S)	Surface	2.4246E-06	1	12	7	0	0
H1456PCOH(S)	Surface	2.16525E-09	1	12	7	0	0
H2345PCOH(S)	Surface	4.35275E-05	1	12	7	0	0
H2346PCOH(S)	Surface	2.85793E-06	1	12	7	0	0
H2356PCOH(S)	Surface	6.41426E-06	1	12	7	0	0
H2456PCOH(S)	Surface	3.29736E-06	1	12	7	0	0
H3456PCOH(S)	Surface	2.59208E-05	1	12	7	0	0
H12345PCOH(S)	Surface	4.79411E-06	1	13	7	0	0
H12346PCOH(S)	Surface	1.63432E-06	1	13	7	0	0
H12356PCOH(S)	Surface	4.77461E-08	1	13	7	0	0
H12456PCOH(S)	Surface	4.74897E-07	1	13	7	0	0
H13456PCOH(S)	Surface	2.1797E-06	1	13	7	0	0
H23456PCOH(S)	Surface	8.55267E-07	1	13	7	0	0
MCHOH(S)	Surface	2.50695E-06	1	14	7	0	0
PC(S)	Surface	9.29545E-18	0	7	7	0	0
H2PC(S)	Surface	6.457E-15	0	8	7	0	0
H3PC(S)	Surface	1.03559E-13	0	8	7	0	0
H4PC(S)	Surface	1.78556E-19	0	8	7	0	0
H23PC(S)	Surface	1.7545E-12	0	9	7	0	0
H24PC(S)	Surface	3.29594E-17	0	9	7	0	0
H25PC(S)	Surface	2.09697E-15	0	9	7	0	0
H26PC(S)	Surface	1.48093E-17	0	9	7	0	0
H34PC(S)	Surface	2.92715E-13	0	9	7	0	0
H35PC(S)	Surface	8.1366E-14	0	9	7	0	0
H234PC(S)	Surface	3.26488E-10	0	10	7	0	0
H235PC(S)	Surface	1.14109E-08	0	10	7	0	0
H236PC(S)	Surface	3.41956E-12	0	10	7	0	0
H245PC(S)	Surface	1.12274E-08	0	10	7	0	0
H246PC(S)	Surface	1.58741E-10	0	10	7	0	0
H345PC(S)	Surface	6.41592E-11	0	10	7	0	0
H2345PC(S)	Surface	9.68395E-06	0	11	7	0	0
H2346PC(S)	Surface	1.86645E-10	0	11	7	0	0
H2356PC(S)	Surface	6.42328E-10	0	11	7	0	0
H23456PC(S)	Surface	1.0889E-06	0	12	7	0	0
TOL(S)	Surface	1.85177E-09	0	8	7	0	0
H1TOL(S)	Surface	1.06853E-08	0	9	7	0	0
H2TOL(S)	Surface	5.47757E-10	0	9	7	0	0
H3TOL(S)	Surface	1.48257E-09	0	9	7	0	0
H4TOL(S)	Surface	5.73402E-11	0	9	7	0	0
H12TOL(S)	Surface	4.59494E-08	0	10	7	0	0
H13TOL(S)	Surface	5.76152E-08	0	10	7	0	0
H14TOL(S)	Surface	1.23603E-12	0	10	7	0	0
H23TOL(S)	Surface	4.99872E-10	0	10	7	0	0
H24TOL(S)	Surface	2.2716E-09	0	10	7	0	0
H25TOL(S)	Surface	1.19329E-08	0	10	7	0	0
H26TOL(S)	Surface	1.39707E-10	0	10	7	0	0
H34TOL(S)	Surface	6.37054E-12	0	10	7	0	0
H35TOL(S)	Surface	1.646E-08	0	10	7	0	0
H123TOL(S)	Surface	0.001897568	0	11	7	0	0
H124TOL(S)	Surface	0.000469112	0	11	7	0	0
H125TOL(S)	Surface	0.147428745	0	11	7	0	0
H126TOL(S)	Surface	0.006789378	0	11	7	0	0
H134TOL(S)	Surface	0.000258202	0	11	7	0	0
H135TOL(S)	Surface	0.010753351	0	11	7	0	0
H234TOL(S)	Surface	3.69797E-06	0	11	7	0	0
H235TOL(S)	Surface	3.34864E-05	0	11	7	0	0
H236TOL(S)	Surface	0.000980426	0	11	7	0	0
H245TOL(S)	Surface	1.23629E-05	0	11	7	0	0
H246TOL(S)	Surface	6.57651E-06	0	11	7	0	0
H345TOL(S)	Surface	3.23814E-05	0	11	7	0	0
H1234TOL(S)	Surface	2.14539E-07	0	12	7	0	0
H1235TOL(S)	Surface	7.79794E-06	0	12	7	0	0
H1236TOL(S)	Surface	1.0216E-06	0	12	7	0	0
H1245TOL(S)	Surface	4.52025E-07	0	12	7	0	0
H1246TOL(S)	Surface	1.86183E-06	0	12	7	0	0
H1345TOL(S)	Surface	2.36774E-05	0	12	7	0	0
H2345TOL(S)	Surface	4.38429E-07	0	12	7	0	0
H2346TOL(S)	Surface	5.00215E-08	0	12	7	0	0
H2356TOL(S)	Surface	4.75635E-07	0	12	7	0	0
H12345TOL(S)	Surface	3.83414E-06	0	13	7	0	0
H12346TOL(S)	Surface	1.09881E-07	0	13	7	0	0
H12356TOL(S)	Surface	2.43298E-07	0	13	7	0	0
H23456TOL(S)	Surface	3.08019E-08	0	13	7	0	0
MCH(S)	Surface	1.9933E-07	0	14	7	0	0
H(S)	Surface	0.626171431	0	1	0	0	0
H2O(S)	Surface	2.16011E-08	1	2	0	0	0
OH(S)	Surface	7.96779E-13	1	1	0	0	0
PT(S)	Surface	0.06690099	0	0	0	1	0
PT(B)	Surface	0	0	0	0	1	0