Species_name	Phase	Surf_cov	O	H	C	PT	N
PCOH	Gas	0	1	8	7	0	0
MCHOH	Gas	0	1	14	7	0	0
MCH	Gas	0	0	14	7	0	0
TOL	Gas	0	0	8	7	0	0
MCHO	Gas	0	1	12	7	0	0
H2	Gas	0	0	2	0	0	0
H2O	Gas	0	1	2	0	0	0
N2	Gas	0	0	0	0	0	2
H234PCO	Gas	0	1	10	7	0	0
H236PCO	Gas	0	1	10	7	0	0
H2PCO	Gas	0	1	8	7	0	0
H4PCO	Gas	0	1	8	7	0	0
H1234PCOH	Gas	0	1	12	7	0	0
H1236PCOH	Gas	0	1	12	7	0	0
H1256PCOH	Gas	0	1	12	7	0	0
H12PCOH	Gas	0	1	10	7	0	0
H1456PCOH	Gas	0	1	12	7	0	0
H14PCOH	Gas	0	1	10	7	0	0
H16PCOH	Gas	0	1	10	7	0	0
H2345PCOH	Gas	0	1	12	7	0	0
H23PCOH	Gas	0	1	10	7	0	0
H25PCOH	Gas	0	1	10	7	0	0
H3456PCOH	Gas	0	1	12	7	0	0
H34PCOH	Gas	0	1	10	7	0	0
H36PCOH	Gas	0	1	10	7	0	0
H45PCOH	Gas	0	1	10	7	0	0
H56PCOH	Gas	0	1	10	7	0	0
H1234TOL	Gas	0	0	12	7	0	0
H1236TOL	Gas	0	0	12	7	0	0
H12TOL	Gas	0	0	10	7	0	0
H14TOL	Gas	0	0	10	7	0	0
H2345TOL	Gas	0	0	12	7	0	0
H23TOL	Gas	0	0	10	7	0	0
H25TOL	Gas	0	0	10	7	0	0
H34TOL	Gas	0	0	10	7	0	0
PCO(S)	Surface	1.4879E-06	1	7	7	0	0
H2PCO(S)	Surface	3.40777E-10	1	8	7	0	0
H3PCO(S)	Surface	2.41694E-07	1	8	7	0	0
H4PCO(S)	Surface	3.85551E-09	1	8	7	0	0
H23PCO(S)	Surface	1.49551E-10	1	9	7	0	0
H24PCO(S)	Surface	6.55943E-09	1	9	7	0	0
H25PCO(S)	Surface	1.30114E-08	1	9	7	0	0
H26PCO(S)	Surface	3.4581E-12	1	9	7	0	0
H34PCO(S)	Surface	0.001089756	1	9	7	0	0
H35PCO(S)	Surface	0.054255452	1	9	7	0	0
H234PCO(S)	Surface	0.000346521	1	10	7	0	0
H235PCO(S)	Surface	5.23546E-06	1	10	7	0	0
H236PCO(S)	Surface	3.03734E-05	1	10	7	0	0
H245PCO(S)	Surface	4.60126E-05	1	10	7	0	0
H246PCO(S)	Surface	1.83222E-06	1	10	7	0	0
H345PCO(S)	Surface	0.001043597	1	10	7	0	0
H2345PCO(S)	Surface	3.56758E-06	1	11	7	0	0
H2346PCO(S)	Surface	2.89838E-07	1	11	7	0	0
H2356PCO(S)	Surface	7.4622E-06	1	11	7	0	0
MCHO(S)	Surface	1.41061E-06	1	12	7	0	0
PCOH(S)	Surface	2.24327E-06	1	8	7	0	0
H1PCOH(S)	Surface	1.52751E-08	1	9	7	0	0
H2PCOH(S)	Surface	2.50183E-08	1	9	7	0	0
H3PCOH(S)	Surface	4.40426E-07	1	9	7	0	0
H4PCOH(S)	Surface	7.25162E-09	1	9	7	0	0
H5PCOH(S)	Surface	1.28425E-08	1	9	7	0	0
H6PCOH(S)	Surface	1.15596E-07	1	9	7	0	0
H12PCOH(S)	Surface	4.65366E-09	1	10	7	0	0
H13PCOH(S)	Surface	4.06204E-08	1	10	7	0	0
H14PCOH(S)	Surface	3.57528E-12	1	10	7	0	0
H15PCOH(S)	Surface	1.23638E-07	1	10	7	0	0
H16PCOH(S)	Surface	1.08327E-08	1	10	7	0	0
H23PCOH(S)	Surface	8.35932E-10	1	10	7	0	0
H24PCOH(S)	Surface	1.08586E-07	1	10	7	0	0
H25PCOH(S)	Surface	6.60694E-10	1	10	7	0	0
H26PCOH(S)	Surface	1.30584E-07	1	10	7	0	0
H34PCOH(S)	Surface	8.84181E-08	1	10	7	0	0
H35PCOH(S)	Surface	1.01095E-06	1	10	7	0	0
H36PCOH(S)	Surface	1.52546E-08	1	10	7	0	0
H45PCOH(S)	Surface	2.7695E-08	1	10	7	0	0
H46PCOH(S)	Surface	4.69214E-09	1	10	7	0	0
H56PCOH(S)	Surface	2.19388E-07	1	10	7	0	0
H123PCOH(S)	Surface	7.37676E-05	1	11	7	0	0
H124PCOH(S)	Surface	0.000370548	1	11	7	0	0
H125PCOH(S)	Surface	0.016871924	1	11	7	0	0
H126PCOH(S)	Surface	0.019202647	1	11	7	0	0
H134PCOH(S)	Surface	0.004393533	1	11	7	0	0
H135PCOH(S)	Surface	0.029753883	1	11	7	0	0
H136PCOH(S)	Surface	0.000691365	1	11	7	0	0
H145PCOH(S)	Surface	0.001569669	1	11	7	0	0
H146PCOH(S)	Surface	8.92662E-05	1	11	7	0	0
H156PCOH(S)	Surface	0.000510815	1	11	7	0	0
H234PCOH(S)	Surface	3.59173E-05	1	11	7	0	0
H235PCOH(S)	Surface	0.000321108	1	11	7	0	0
H236PCOH(S)	Surface	0.000220889	1	11	7	0	0
H245PCOH(S)	Surface	0.000310286	1	11	7	0	0
H246PCOH(S)	Surface	0.000798203	1	11	7	0	0
H256PCOH(S)	Surface	0.00542354	1	11	7	0	0
H345PCOH(S)	Surface	0.004300493	1	11	7	0	0
H346PCOH(S)	Surface	0.000144585	1	11	7	0	0
H356PCOH(S)	Surface	0.005843422	1	11	7	0	0
H456PCOH(S)	Surface	0.000771472	1	11	7	0	0
H1234PCOH(S)	Surface	1.54469E-07	1	12	7	0	0
H1235PCOH(S)	Surface	3.71708E-06	1	12	7	0	0
H1236PCOH(S)	Surface	3.29413E-05	1	12	7	0	0
H1245PCOH(S)	Surface	1.33396E-05	1	12	7	0	0
H1246PCOH(S)	Surface	7.59352E-06	1	12	7	0	0
H1256PCOH(S)	Surface	3.81381E-06	1	12	7	0	0
H1345PCOH(S)	Surface	6.31497E-05	1	12	7	0	0
H1346PCOH(S)	Surface	0.000844338	1	12	7	0	0
H1356PCOH(S)	Surface	2.69085E-06	1	12	7	0	0
H1456PCOH(S)	Surface	2.31955E-09	1	12	7	0	0
H2345PCOH(S)	Surface	4.83107E-05	1	12	7	0	0
H2346PCOH(S)	Surface	3.06873E-06	1	12	7	0	0
H2356PCOH(S)	Surface	7.12491E-06	1	12	7	0	0
H2456PCOH(S)	Surface	3.54011E-06	1	12	7	0	0
H3456PCOH(S)	Surface	2.87691E-05	1	12	7	0	0
H12345PCOH(S)	Surface	5.32928E-06	1	13	7	0	0
H12346PCOH(S)	Surface	1.81768E-06	1	13	7	0	0
H12356PCOH(S)	Surface	5.30365E-08	1	13	7	0	0
H12456PCOH(S)	Surface	5.29367E-07	1	13	7	0	0
H13456PCOH(S)	Surface	2.42113E-06	1	13	7	0	0
H23456PCOH(S)	Surface	9.90934E-07	1	13	7	0	0
MCHOH(S)	Surface	3.00962E-06	1	14	7	0	0
PC(S)	Surface	1.00015E-17	0	7	7	0	0
H2PC(S)	Surface	6.65989E-15	0	8	7	0	0
H3PC(S)	Surface	1.28E-13	0	8	7	0	0
H4PC(S)	Surface	2.0937E-19	0	8	7	0	0
H23PC(S)	Surface	2.18227E-12	0	9	7	0	0
H24PC(S)	Surface	3.39545E-17	0	9	7	0	0
H25PC(S)	Surface	2.18035E-15	0	9	7	0	0
H26PC(S)	Surface	1.68849E-17	0	9	7	0	0
H34PC(S)	Surface	3.82799E-13	0	9	7	0	0
H35PC(S)	Surface	9.96132E-14	0	9	7	0	0
H234PC(S)	Surface	3.44634E-10	0	10	7	0	0
H235PC(S)	Surface	1.24766E-08	0	10	7	0	0
H236PC(S)	Surface	3.60612E-12	0	10	7	0	0
H245PC(S)	Surface	1.22688E-08	0	10	7	0	0
H246PC(S)	Surface	1.73801E-10	0	10	7	0	0
H345PC(S)	Surface	6.76342E-11	0	10	7	0	0
H2345PC(S)	Surface	1.06296E-05	0	11	7	0	0
H2346PC(S)	Surface	2.04441E-10	0	11	7	0	0
H2356PC(S)	Surface	7.28027E-10	0	11	7	0	0
H23456PC(S)	Surface	1.23727E-06	0	12	7	0	0
TOL(S)	Surface	1.24505E-08	0	8	7	0	0
H1TOL(S)	Surface	6.71947E-08	0	9	7	0	0
H2TOL(S)	Surface	6.69022E-10	0	9	7	0	0
H3TOL(S)	Surface	3.38258E-09	0	9	7	0	0
H4TOL(S)	Surface	3.11303E-10	0	9	7	0	0
H12TOL(S)	Surface	5.72572E-08	0	10	7	0	0
H13TOL(S)	Surface	7.17959E-08	0	10	7	0	0
H14TOL(S)	Surface	1.7215E-12	0	10	7	0	0
H23TOL(S)	Surface	6.03983E-10	0	10	7	0	0
H24TOL(S)	Surface	2.85513E-09	0	10	7	0	0
H25TOL(S)	Surface	1.48671E-08	0	10	7	0	0
H26TOL(S)	Surface	1.74103E-10	0	10	7	0	0
H34TOL(S)	Surface	7.6673E-12	0	10	7	0	0
H35TOL(S)	Surface	2.05052E-08	0	10	7	0	0
H123TOL(S)	Surface	0.001892721	0	11	7	0	0
H124TOL(S)	Surface	0.000467849	0	11	7	0	0
H125TOL(S)	Surface	0.147053103	0	11	7	0	0
H126TOL(S)	Surface	0.006535478	0	11	7	0	0
H134TOL(S)	Surface	0.000257529	0	11	7	0	0
H135TOL(S)	Surface	0.010718543	0	11	7	0	0
H234TOL(S)	Surface	3.56242E-06	0	11	7	0	0
H235TOL(S)	Surface	3.34032E-05	0	11	7	0	0
H236TOL(S)	Surface	0.000978119	0	11	7	0	0
H245TOL(S)	Surface	1.23338E-05	0	11	7	0	0
H246TOL(S)	Surface	6.55841E-06	0	11	7	0	0
H345TOL(S)	Surface	3.11861E-05	0	11	7	0	0
H1234TOL(S)	Surface	2.13904E-07	0	12	7	0	0
H1235TOL(S)	Surface	7.77482E-06	0	12	7	0	0
H1236TOL(S)	Surface	1.01857E-06	0	12	7	0	0
H1245TOL(S)	Surface	4.66865E-07	0	12	7	0	0
H1246TOL(S)	Surface	1.85592E-06	0	12	7	0	0
H1345TOL(S)	Surface	2.36059E-05	0	12	7	0	0
H2345TOL(S)	Surface	4.37303E-07	0	12	7	0	0
H2346TOL(S)	Surface	4.98957E-08	0	12	7	0	0
H2356TOL(S)	Surface	4.92245E-07	0	12	7	0	0
H12345TOL(S)	Surface	3.84953E-06	0	13	7	0	0
H12346TOL(S)	Surface	1.09619E-07	0	13	7	0	0
H12356TOL(S)	Surface	2.42923E-07	0	13	7	0	0
H23456TOL(S)	Surface	3.09429E-08	0	13	7	0	0
MCH(S)	Surface	2.00078E-07	0	14	7	0	0
H(S)	Surface	0.617761868	0	1	0	0	0
H2O(S)	Surface	1.11591E-07	1	2	0	0	0
OH(S)	Surface	9.20344E-13	1	1	0	0	0
PT(S)	Surface	0.064583194	0	0	0	1	0
PT(B)	Surface	0	0	0	0	1	0