            Fwd_Rate             Rev_Rate             Net_Rate  PEI      Reaction_String
   61.58578914    61.03965388     0.54613526 0.50          (0)(000000)  <=>          (1)(000001)
    0.00017230     0.39854069    -0.39836839 0.50          (0)(000000)  <=>          (4)(000100)
    0.00722467     0.00006000     0.00716466 0.50          (0)(000000)  <=>          (8)(001000)
    0.00005302     0.15498456    -0.15493153 0.50          (0)(000000)  <=>         (32)(100000)
    0.00089855     0.08653096    -0.08563241 0.50          (1)(000001)  <=>          (5)(000101)
    0.15993216     0.00130000     0.15863216 0.50          (1)(000001)  <=>          (9)(001001)
    0.00117380     0.08351938    -0.08234558 0.50          (1)(000001)  <=>         (33)(100001)
    3.51158753     2.95610644     0.55548109 0.50          (1)(000001)  <=>         (34)(100010)
    0.00000000     0.00000000     0.00000000 0.50          (2)(000010)  <=>         (10)(001010)
    0.00000000     0.00000000     0.00000000 0.50          (2)(000010)  <=>         (34)(100010)
    0.00000000     0.00000000     0.00000000 0.50          (3)(000011)  <=>         (11)(001011)
    0.00000000     0.00000000     0.00000000 0.50          (3)(000011)  <=>         (35)(100011)
    0.00330931     0.40718501    -0.40387570 0.50          (4)(000100)  <=>          (5)(000101)
    0.00551018     0.00000264     0.00550754 0.50          (4)(000100)  <=>         (12)(001100)
    0.00004044     0.00004067    -0.00000023 0.50          (4)(000100)  <=>         (36)(100100)
    0.00128469     0.00000004     0.00128465 0.50          (5)(000101)  <=>         (13)(001101)
    0.00000943     0.00000924     0.00000019 0.50          (5)(000101)  <=>         (37)(100101)
    1.02542924     1.51622219    -0.49079295 0.50          (5)(000101)  <=>         (38)(100110)
    0.00000000     0.00000000     0.00000000 0.50          (6)(000110)  <=>         (14)(001110)
    0.00000000     0.00000000     0.00000000 0.50          (6)(000110)  <=>         (38)(100110)
    0.00000000     0.00000000     0.00000000 0.50          (7)(000111)  <=>         (15)(001111)
    0.00000000     0.00000000     0.00000000 0.50          (7)(000111)  <=>         (39)(100111)
   15.84120045    15.36594197     0.47525848 0.50          (8)(001000)  <=>          (9)(001001)
    0.00004432     0.00592017    -0.00587585 0.50          (8)(001000)  <=>         (12)(001100)
    0.00001440     0.00000058     0.00001382 0.50          (8)(001000)  <=>         (16)(010000)
    0.00001364     0.46224542    -0.46223179 0.50          (8)(001000)  <=>         (40)(101000)
    0.00022620     0.00008901     0.00013719 0.50          (9)(001001)  <=>         (13)(001101)
    0.00031200     0.00000000     0.00031200 0.50          (9)(001001)  <=>         (17)(010001)
    0.00029549     0.24597561    -0.24568012 0.50          (9)(001001)  <=>         (41)(101001)
    0.88399666     0.00487508     0.87912158 0.50          (9)(001001)  <=>         (42)(101010)
    0.00000000     0.00000000     0.00000000 0.50         (10)(001010)  <=>         (42)(101010)
    0.00000000     0.00000000     0.00000000 0.50         (11)(001011)  <=>         (43)(101011)
    0.00004916     0.00041886    -0.00036970 0.50         (12)(001100)  <=>         (13)(001101)
    0.00000209     0.00000000     0.00000209 0.50         (12)(001100)  <=>         (20)(010100)
    0.00000060     0.00000130    -0.00000070 0.50         (12)(001100)  <=>         (44)(101100)
    0.00000003     0.00000000     0.00000003 0.50         (13)(001101)  <=>         (21)(010101)
    0.00000001     0.00000010    -0.00000009 0.50         (13)(001101)  <=>         (45)(101101)
    0.00105483     0.00000265     0.00105218 0.50         (13)(001101)  <=>         (46)(101110)
    0.00000000     0.00000000     0.00000000 0.50         (14)(001110)  <=>         (46)(101110)
    0.00000000     0.00000000     0.00000000 0.50         (15)(001111)  <=>         (47)(101111)
  440.74195508   485.89524988   -45.15329479 0.50         (16)(010000)  <=>         (17)(010001)
    1.00298666     3.31156301    -2.30857636 0.50         (16)(010000)  <=>         (20)(010100)
   52.11828312     4.95202904    47.16625408 0.50         (16)(010000)  <=>         (24)(011000)
    5.80419627     5.50856538     0.29563089 0.50         (16)(010000)  <=>         (48)(110000)
    0.00280065     0.06878550    -0.06598486 0.50         (17)(010001)  <=>         (21)(010101)
    0.20900244     0.01736677     0.19163567 0.50         (17)(010001)  <=>         (25)(011001)
    0.02327573     0.02011097     0.00316476 0.50         (17)(010001)  <=>         (49)(110001)
   18.20757478    63.48937315   -45.28179837 0.50         (17)(010001)  <=>         (50)(110010)
    0.00000000     0.00000000     0.00000000 0.50         (18)(010010)  <=>         (26)(011010)
    0.00000000     0.00000000     0.00000000 0.50         (18)(010010)  <=>         (50)(110010)
    0.00000000     0.00000000     0.00000000 0.50         (19)(010011)  <=>         (27)(011011)
    0.00000000     0.00000000     0.00000000 0.50         (19)(010011)  <=>         (51)(110011)
    0.00299094     0.14851595    -0.14552501 0.50         (20)(010100)  <=>         (21)(010101)
    0.00350869     0.00010126     0.00340743 0.50         (20)(010100)  <=>         (28)(011100)
    0.00520809     2.17191374    -2.16670565 0.50         (20)(010100)  <=>         (50)(110010)
    0.00039075     0.00014179     0.00024896 0.50         (20)(010100)  <=>         (52)(110100)
    0.00244917     0.00000408     0.00244509 0.50         (21)(010101)  <=>         (29)(011101)
    0.00075128     0.16364674    -0.16289546 0.50         (21)(010101)  <=>         (51)(110011)
    0.00027275     0.00013147     0.00014129 0.50         (21)(010101)  <=>         (53)(110101)
    0.02451541     0.07571616    -0.05120075 0.50         (21)(010101)  <=>         (54)(110110)
    0.00000000     0.00000000     0.00000000 0.50         (22)(010110)  <=>         (30)(011110)
    0.00000000     0.00000000     0.00000000 0.50         (22)(010110)  <=>         (54)(110110)
    0.00000000     0.00000000     0.00000000 0.50         (23)(010111)  <=>         (31)(011111)
    0.00000000     0.00000000     0.00000000 0.50         (23)(010111)  <=>         (55)(110111)
 1296.93640523  1250.40747131    46.52893392 0.50         (24)(011000)  <=>         (25)(011001)
    2.95140931     2.95988576    -0.00847645 0.50         (24)(011000)  <=>         (28)(011100)
   17.07954815    16.43375155     0.64579661 0.50         (24)(011000)  <=>         (56)(111000)
    0.00720721     0.00354795     0.00365926 0.50         (25)(011001)  <=>         (29)(011101)
    0.05989799     0.05970321     0.00019479 0.50         (25)(011001)  <=>         (57)(111001)
   46.85554663     0.13883108    46.71671555 0.50         (25)(011001)  <=>         (58)(111010)
    0.00000000     0.00000000     0.00000000 0.50         (26)(011010)  <=>         (58)(111010)
    0.00000000     0.00000000     0.00000000 0.50         (27)(011011)  <=>         (59)(111011)
    0.00267331     0.00766044    -0.00498713 0.50         (28)(011100)  <=>         (29)(011101)
    0.00465501     0.00474929    -0.00009427 0.50         (28)(011100)  <=>         (58)(111010)
    0.00034925     0.00033687     0.00001238 0.50         (28)(011100)  <=>         (60)(111100)
    0.00003875     0.00013760    -0.00009885 0.50         (29)(011101)  <=>         (59)(111011)
    0.00001407     0.00001389     0.00000018 0.50         (29)(011101)  <=>         (61)(111101)
    0.00126450     0.00004860     0.00121590 0.50         (29)(011101)  <=>         (62)(111110)
    0.00000000     0.00000000     0.00000000 0.50         (30)(011110)  <=>         (62)(111110)
    0.00000000     0.00000000     0.00000000 0.50         (31)(011111)  <=>         (63)(111111)
    0.08350188     0.00201469     0.08148719 0.50         (32)(100000)  <=>         (33)(100001)
    0.00000023     0.00000019     0.00000005 0.50         (32)(100000)  <=>         (36)(100100)
    0.00000980     0.00000094     0.00000885 0.50         (32)(100000)  <=>         (40)(101000)
    0.00000000     0.23642763    -0.23642762 0.50         (32)(100000)  <=>         (48)(110000)
    0.00000003     0.00000004    -0.00000001 0.50         (33)(100001)  <=>         (37)(100101)
    0.00000528     0.00000050     0.00000478 0.50         (33)(100001)  <=>         (41)(101001)
    0.00000000     0.00086316    -0.00086316 0.50         (33)(100001)  <=>         (49)(110001)
    4.43149009     4.46296628    -0.03147619 0.50         (34)(100010)  <=>         (35)(100011)
    0.58872969     0.10082878     0.48790091 0.50         (34)(100010)  <=>         (38)(100110)
    1.04220104     2.93502885    -1.89282781 0.50         (34)(100010)  <=>         (42)(101010)
    1.99861983     0.00673565     1.99188418 0.50         (34)(100010)  <=>         (50)(110010)
    0.00764783     0.00309953     0.00454830 0.50         (35)(100011)  <=>         (39)(100111)
    0.00289875     0.04404313    -0.04114438 0.50         (35)(100011)  <=>         (43)(101011)
    0.00555891     0.00043902     0.00511988 0.50         (35)(100011)  <=>         (51)(110011)
    0.00000000     0.00000019    -0.00000018 0.50         (36)(100100)  <=>         (37)(100101)
    0.00000000     0.00000000     0.00000000 0.50         (36)(100100)  <=>         (44)(101100)
    0.00000000     0.00000000    -0.00000000 0.50         (36)(100100)  <=>         (52)(110100)
    0.00000000     0.00000000     0.00000000 0.50         (37)(100101)  <=>         (45)(101101)
    0.00000000     0.00000000    -0.00000000 0.50         (37)(100101)  <=>         (53)(110101)
    0.00145936     0.00587841    -0.00441905 0.50         (38)(100110)  <=>         (39)(100111)
    0.00036996     0.00000110     0.00036886 0.50         (38)(100110)  <=>         (46)(101110)
    0.00115865     0.00000049     0.00115816 0.50         (38)(100110)  <=>         (54)(110110)
    0.00003129     0.00000005     0.00003125 0.50         (39)(100111)  <=>         (47)(101111)
    0.00009801     0.00000001     0.00009800 0.50         (39)(100111)  <=>         (55)(110111)
    0.24904651     0.00593353     0.24311298 0.50         (40)(101000)  <=>         (41)(101001)
    0.00000070     0.00000001     0.00000069 0.50         (40)(101000)  <=>         (44)(101100)
    0.00000001     0.70533662    -0.70533660 0.50         (40)(101000)  <=>         (56)(111000)
    0.00000009     0.00000000     0.00000009 0.50         (41)(101001)  <=>         (45)(101101)
    0.00000001     0.00256246    -0.00256245 0.50         (41)(101001)  <=>         (57)(111001)
    0.00730822     0.03970929    -0.03240106 0.50         (42)(101010)  <=>         (43)(101011)
    0.00097091     0.00000018     0.00097073 0.50         (42)(101010)  <=>         (46)(101110)
    0.18784185     1.17339905    -0.98555720 0.50         (42)(101010)  <=>         (50)(110010)
    0.00329604     0.00001473     0.00328131 0.50         (42)(101010)  <=>         (58)(111010)
    0.00006805     0.00000000     0.00006804 0.50         (43)(101011)  <=>         (47)(101111)
    0.00281876     0.07648134    -0.07366258 0.50         (43)(101011)  <=>         (51)(110011)
    0.00004946     0.00000037     0.00004909 0.50         (43)(101011)  <=>         (59)(111011)
    0.00000000     0.00000000    -0.00000000 0.50         (44)(101100)  <=>         (45)(101101)
    0.00000000     0.00000000    -0.00000000 0.50         (44)(101100)  <=>         (60)(111100)
    0.00000000     0.00000000    -0.00000000 0.50         (45)(101101)  <=>         (61)(111101)
    0.00000000     0.00000000    -0.00000000 0.50         (46)(101110)  <=>         (47)(101111)
    0.00242619     0.00003442     0.00239177 0.50         (46)(101110)  <=>         (54)(110110)
    0.00000000     0.00000000     0.00000000 0.50         (46)(101110)  <=>         (62)(111110)
    0.00009966     0.00000037     0.00009929 0.50         (47)(101111)  <=>         (55)(110111)
    0.00000000     0.00000000     0.00000000 0.50         (47)(101111)  <=>         (63)(111111)
    0.57707731     0.57919606    -0.00211875 0.50         (48)(110000)  <=>         (49)(110001)
    0.00131324     0.00165784    -0.00034460 0.50         (48)(110000)  <=>         (52)(110100)
    0.06824011     0.00657350     0.06166661 0.50         (48)(110000)  <=>         (56)(111000)
    0.00000334     0.00004574    -0.00004240 0.50         (49)(110001)  <=>         (53)(110101)
    0.00024913     0.00002388     0.00022525 0.50         (49)(110001)  <=>         (57)(111001)
  356.98342995   357.38942974    -0.40599979 0.50         (50)(110010)  <=>         (51)(110011)
   22.25302529    22.08388116     0.16914413 0.50         (50)(110010)  <=>         (54)(110110)
   16.89971678    63.10503816   -46.20532138 0.50         (50)(110010)  <=>         (58)(111010)
    0.03950094     0.19680729    -0.15730636 0.50         (51)(110011)  <=>         (55)(110111)
    1.10151184     1.58164343    -0.48013159 0.50         (51)(110011)  <=>         (59)(111011)
    0.00000150     0.00009876    -0.00009726 0.50         (52)(110100)  <=>         (53)(110101)
    0.00000176     0.00000013     0.00000162 0.50         (52)(110100)  <=>         (60)(111100)
    0.00000163     0.00000001     0.00000162 0.50         (53)(110101)  <=>         (61)(111101)
    1.51432328     1.35729169     0.15703159 0.50         (54)(110110)  <=>         (55)(110111)
    0.36949488     0.40503316    -0.03553828 0.50         (54)(110110)  <=>         (62)(111110)
    0.00397415     0.00405162    -0.00007747 0.50         (55)(110111)  <=>         (63)(111111)
    1.72159981     1.71945232     0.00214749 0.50         (56)(111000)  <=>         (57)(111001)
    0.00391781     0.00393869    -0.00002088 0.50         (56)(111000)  <=>         (60)(111100)
    0.00000991     0.00000483     0.00000508 0.50         (57)(111001)  <=>         (61)(111101)
    0.78060932     0.30051225     0.48009707 0.50         (58)(111010)  <=>         (59)(111011)
    0.04866029     0.01417616     0.03448413 0.50         (58)(111010)  <=>         (62)(111110)
    0.00003321     0.00011750    -0.00008428 0.50         (59)(111011)  <=>         (63)(111111)
    0.00000356     0.00001044    -0.00000688 0.50         (60)(111100)  <=>         (61)(111101)
    0.00097208     0.00081032     0.00016176 0.50         (62)(111110)  <=>         (63)(111111)
